2024-12-10 17:50:08 INFO     Initialized benchmark 'matbench_v0.1' with 13 tasks: 
['matbench_dielectric',
 'matbench_expt_gap',
 'matbench_expt_is_metal',
 'matbench_glass',
 'matbench_jdft2d',
 'matbench_log_gvrh',
 'matbench_log_kvrh',
 'matbench_mp_e_form',
 'matbench_mp_gap',
 'matbench_mp_is_metal',
 'matbench_perovskites',
 'matbench_phonons',
 'matbench_steels']
INFO:matbench:Initialized benchmark 'matbench_v0.1' with 13 tasks: 
['matbench_dielectric',
 'matbench_expt_gap',
 'matbench_expt_is_metal',
 'matbench_glass',
 'matbench_jdft2d',
 'matbench_log_gvrh',
 'matbench_log_kvrh',
 'matbench_mp_e_form',
 'matbench_mp_gap',
 'matbench_mp_is_metal',
 'matbench_perovskites',
 'matbench_phonons',
 'matbench_steels']
2024-12-10 17:50:08 INFO     Loading dataset 'matbench_mp_e_form'...
INFO:matbench.task:Loading dataset 'matbench_mp_e_form'...
Fetching matbench_mp_e_form.json.gz from https://ml.materialsproject.org/projects/matbench_mp_e_form.json.gz to /home/jwchen/software/anaconda3/envs/kgcnn/lib/python3.10/site-packages/matminer/datasets/matbench_mp_e_form.json.gz
Fetching https://ml.materialsproject.org/projects/matbench_mp_e_form.json.gz in MB:   0%|          | 0.0/166.734239 [00:00<?, ?MB/s]Fetching https://ml.materialsproject.org/projects/matbench_mp_e_form.json.gz in MB:  38%|###8      | 64.17612799999999/166.734239 [00:00<00:00, 641.76MB/s]Fetching https://ml.materialsproject.org/projects/matbench_mp_e_form.json.gz in MB:  78%|#######8  | 130.220032/166.734239 [00:00<00:00, 652.74MB/s]       Fetching https://ml.materialsproject.org/projects/matbench_mp_e_form.json.gz in MB: 166.735872MB [00:00, 633.52MB/s]                                
2024-12-10 17:51:43 INFO     Dataset 'matbench_mp_e_form loaded.
INFO:matbench.task:Dataset 'matbench_mp_e_form loaded.
spglib: ssm_get_exact_positions failed.
spglib: get_bravais_exact_positions_and_lattice failed.
spglib: ssm_get_exact_positions failed.
spglib: get_bravais_exact_positions_and_lattice failed.
spglib: ssm_get_exact_positions failed.
spglib: get_bravais_exact_positions_and_lattice failed.
spglib: ssm_get_exact_positions failed.
spglib: get_bravais_exact_positions_and_lattice failed.
spglib: ssm_get_exact_positions failed.
spglib: get_bravais_exact_positions_and_lattice failed.
spglib: ssm_get_exact_positions failed.
spglib: get_bravais_exact_positions_and_lattice failed.
spglib: ssm_get_exact_positions failed.
spglib: get_bravais_exact_positions_and_lattice failed.
spglib: ssm_get_exact_positions failed.
spglib: get_bravais_exact_positions_and_lattice failed.
spglib: ssm_get_exact_positions failed.
spglib: get_bravais_exact_positions_and_lattice failed.
spglib: ssm_get_exact_positions failed.
spglib: get_bravais_exact_positions_and_lattice failed.
2024-12-10 18:24:29 INFO     Loading dataset 'matbench_mp_gap'...
INFO:matbench.task:Loading dataset 'matbench_mp_gap'...
Fetching matbench_mp_gap.json.gz from https://ml.materialsproject.org/projects/matbench_mp_gap.json.gz to /home/jwchen/software/anaconda3/envs/kgcnn/lib/python3.10/site-packages/matminer/datasets/matbench_mp_gap.json.gz
Fetching https://ml.materialsproject.org/projects/matbench_mp_gap.json.gz in MB:   0%|          | 0.0/137.068566 [00:00<?, ?MB/s]Fetching https://ml.materialsproject.org/projects/matbench_mp_gap.json.gz in MB:  47%|####7     | 64.425984/137.068566 [00:00<00:00, 644.25MB/s]Fetching https://ml.materialsproject.org/projects/matbench_mp_gap.json.gz in MB:  95%|#########5| 130.758656/137.068566 [00:00<00:00, 655.47MB/s]Fetching https://ml.materialsproject.org/projects/matbench_mp_gap.json.gz in MB: 137.070592MB [00:00, 622.84MB/s]                                
2024-12-10 18:25:56 INFO     Dataset 'matbench_mp_gap loaded.
INFO:matbench.task:Dataset 'matbench_mp_gap loaded.
spglib: ssm_get_exact_positions failed.
spglib: get_bravais_exact_positions_and_lattice failed.
Traceback (most recent call last):
  File "h5py/_objects.pyx", line 201, in h5py._objects.ObjectID.__dealloc__
RuntimeError: Can't close dataset (file write failed: time = Tue Dec 10 18:26:57 2024
, filename = 'da2024-12-10 18:33:17 INFO     Initialized benchmark 'matbench_v0.1' with 13 tasks: 
['matbench_dielectric',
 'matbench_expt_gap',
 'matbench_expt_is_metal',
 'matbench_glass',
 'matbench_jdft2d',
 'matbench_log_gvrh',
 'matbench_log_kvrh',
 'matbench_mp_e_form',
 'matbench_mp_gap',
 'matbench_mp_is_metal',
 'matbench_perovskites',
 'matbench_phonons',
 'matbench_steels']
INFO:matbench:Initialized benchmark 'matbench_v0.1' with 13 tasks: 
['matbench_dielectric',
 'matbench_expt_gap',
 'matbench_expt_is_metal',
 'matbench_glass',
 'matbench_jdft2d',
 'matbench_log_gvrh',
 'matbench_log_kvrh',
 'matbench_mp_e_form',
 'matbench_mp_gap',
 'matbench_mp_is_metal',
 'matbench_perovskites',
 'matbench_phonons',
 'matbench_steels']
2024-12-10 18:33:17 INFO     Loading dataset 'matbench_mp_gap'...
INFO:matbench.task:Loading dataset 'matbench_mp_gap'...
2024-12-10 18:34:29 INFO     Dataset 'matbench_mp_gap loaded.
INFO:matbench.task:Dataset 'matbench_mp_gap loaded.
spglib: ssm_get_exact_positions failed.
spglib: get_bravais_exact_positions_and_lattice failed.
Traceback (most recent call last):
  File "h5py/_objects.pyx", line 201, in h5py._objects.ObjectID.__dealloc__
OSError: [Errno 28] Write through metadata accumulator failed (file write failed: time = Tue Dec 10 18:34:59 2024
, filename = 'dataset_cache/matbench_mp_gap/b0602c3d4751d7d0f942aa46bce4a48c.h5', file descriptor = 3, errno = 28, error message = 'No space left on device', buf = 0x55c351dad9e5, total write size = 3171, bytes this sub-write = 3171, bytes actually written = 18446744073709551615, offset = 0)
Exception ignored in: 'h5py._objects.ObjectID.__dealloc__'
Traceback (most recent call last):
  File "h5py/_objects.pyx", line 201, in h5py._objects.ObjectID.__dealloc__
OSError: [Errno 28] Write through metadata accumulator failed (file write failed: time = Tue Dec 10 18:34:59 2024
, filename = 'dataset_cache/matbench_mp_gap/b0602c3d4751d7d0f942aa46bce4a48c.h5', file descriptor = 3, errno = 28, error message = 'No space left on device', buf = 0x55c351dad9e5, total write size = 3171, bytes this sub-write = 3171, bytes actually written = 18446744073709551615, offset = 0)
Traceback (most recent call last):
  File "h5py/_objects.pyx", line 201, in h5py._objects.ObjectID.__dealloc__
RuntimeError: Can't close dataset (file write failed: time = Tue Dec 10 18:34:59 2024
, filename = 'dataset_cache/matbench_mp_gap/b0602c3d4751d7d0f942aa46bce4a48c.h5', file descriptor = 3, errno = 28, error message = 'No space left on device', buf = 0x55c351dae888, total write size = 8000, bytes this sub-write = 8000, bytes actually written = 18446744073709551615, offset = 0)
Exception ignored in: 'h5py._objects.ObjectID.__dealloc__'
Traceback (most recent call last):
  File "h5py/_objects.pyx", line 201, in h5py._objects.ObjectID.__dealloc__
RuntimeError: Can't close dataset (file write failed: time = Tue Dec 10 18:34:59 2024
, filename = 'dataset_cache/matbench_mp_gap/b0602c3d4751d7d0f942aa46bce4a48c.h5', file descriptor = 3, errno = 28, error message = 'No space left on device', buf = 0x55c351dae888, total write size = 8000, bytes this sub-write = 8000, bytes actually written = 18446744073709551615, offset = 0)
Traceback (most recent call last):
  File "h5py/_objects.pyx", line 201, in h5py._objects.ObjectID.__dealloc__
OSError: [Errno 28] Write through page buffer failed (file write failed: time = Tue Dec 10 18:34:59 2024
, filename = 'dataset_cache/matbench_mp_gap/b0602c3d4751d7d0f942aa46bce4a48c.h5', file descriptor = 3, errno = 28, error message = 'No space left on device', buf = 0x55c351db2b88, total write size = 8000, bytes this sub-write = 8000, bytes actually written = 18446744073709551615, offset = 0)
Exception ignored in: 'h5py._objects.ObjectID.__dealloc__'
Traceback (most recent call last):
  File "h5py/_objects.pyx", line 201, in h5py._objects.ObjectID.__dealloc__
OSError: [Errno 28] Write through page buffer failed (file write failed: time = Tue Dec 10 18:34:59 2024
, filename = 'dataset_cache/matbench_mp_gap/b0602c3d4751d7d0f942aa46bce4a48c.h5', file descriptor = 3, errno = 28, 2024-12-10 18:52:35 INFO     Initialized benchmark 'matbench_v0.1' with 13 tasks: 
['matbench_dielectric',
 'matbench_expt_gap',
 'matbench_expt_is_metal',
 'matbench_glass',
 'matbench_jdft2d',
 'matbench_log_gvrh',
 'matbench_log_kvrh',
 'matbench_mp_e_form',
 'matbench_mp_gap',
 'matbench_mp_is_metal',
 'matbench_perovskites',
 'matbench_phonons',
 'matbench_steels']
INFO:matbench:Initialized benchmark 'matbench_v0.1' with 13 tasks: 
['matbench_dielectric',
 'matbench_expt_gap',
 'matbench_expt_is_metal',
 'matbench_glass',
 'matbench_jdft2d',
 'matbench_log_gvrh',
 'matbench_log_kvrh',
 'matbench_mp_e_form',
 'matbench_mp_gap',
 'matbench_mp_is_metal',
 'matbench_perovskites',
 'matbench_phonons',
 'matbench_steels']
2024-12-10 18:52:35 INFO     Loading dataset 'matbench_mp_gap'...
INFO:matbench.task:Loading dataset 'matbench_mp_gap'...
2024-12-10 18:53:47 INFO     Dataset 'matbench_mp_gap loaded.
INFO:matbench.task:Dataset 'matbench_mp_gap loaded.
spglib: ssm_get_exact_positions failed.
spglib: get_bravais_exact_positions_and_lattice failed.
spglib: ssm_get_exact_positions failed.
spglib: get_bravais_exact_positions_and_lattice failed.
spglib: ssm_get_exact_positions failed.
spglib: get_bravais_exact_positions_and_lattice failed.
spglib: ssm_get_exact_positions failed.
spglib: get_bravais_exact_positions_and_lattice failed.
2024-12-10 19:18:31 INFO     Loading dataset 'matbench_log_kvrh'...
INFO:matbench.task:Loading dataset 'matbench_log_kvrh'...
Fetching matbench_log_kvrh.json.gz from https://ml.materialsproject.org/projects/matbench_log_kvrh.json.gz to /home/jwchen/software/anaconda3/envs/kgcnn/lib/python3.10/site-packages/matminer/datasets/matbench_log_kvrh.json.gz
Fetching https://ml.materialsproject.org/projects/matbench_log_kvrh.json.gz in MB:   0%|          | 0.0/4.174386999999999 [00:00<?, ?MB/s]Fetching https://ml.materialsproject.org/projects/matbench_log_kvrh.json.gz in MB: 4.175872MB [00:00, 372.52MB/s]                         
2024-12-10 19:18:34 INFO     Dataset 'matbench_log_kvrh loaded.
INFO:matbench.task:Dataset 'matbench_log_kvrh loaded.
2024-12-10 19:21:29 INFO     Loading dataset 'matbench_log_gvrh'...
INFO:matbench.task:Loading dataset 'matbench_log_gvrh'...
Fetching matbench_log_gvrh.json.gz from https://ml.materialsproject.org/projects/matbench_log_gvrh.json.gz to /home/jwchen/software/anaconda3/envs/kgcnn/lib/python3.10/site-packages/matminer/datasets/matbench_log_gvrh.json.gz
Fetching https://ml.materialsproject.org/projects/matbench_log_gvrh.json.gz in MB:   0%|          | 0.0/4.166214 [00:00<?, ?MB/s]Fetching https://ml.materialsproject.org/projects/matbench_log_gvrh.json.gz in MB: 4.16768MB [00:00, 387.35MB/s]                 
2024-12-10 19:21:58 INFO     Dataset 'matbench_log_gvrh loaded.
INFO:matbench.task:Dataset 'matbench_log_gvrh loaded.
2024-12-10 19:24:03 INFO     Loading dataset 'matbench_dielectric'...
INFO:matbench.task:Loading dataset 'matbench_dielectric'...
Fetching matbench_dielectric.json.gz from https://ml.materialsproject.org/projects/matbench_dielectric.json.gz to /home/jwchen/software/anaconda3/envs/kgcnn/lib/python3.10/site-packages/matminer/datasets/matbench_dielectric.json.gz
Fetching https://ml.materialsproject.org/projects/matbench_dielectric.json.gz in MB:   0%|          | 0.0/3.608015 [00:00<?, ?MB/s]Fetching https://ml.materialsproject.org/projects/matbench_dielectric.json.gz in MB: 3.608576MB [00:00, 354.23MB/s]                
2024-12-10 19:24:05 INFO     Dataset 'matbench_dielectric loaded.
INFO:matbench.task:Dataset 'matbench_dielectric loaded.
2024-12-10 19:24:47 INFO     Loading dataset 'matbench_phonons'...
INFO:matbench.task:Loading dataset 'matbench_phonons'...
Fetching matbench_phonons.json.gz from https://ml.materialsproject.org/projects/matbench_phonons.json.gz to /home/jwchen/software/anaconda3/envs/kgcnn/lib/python3.10/site-packages/matminer/datasets/matbench_phonons.json.gz
Fetching https://ml.materialsproject.org/projects/matbench_phonons.json.gz in MB:   0%|          | 0.0/0.45967199999999997 [00:00<?, ?MB/s]Fetching https://ml.materialsproject.org/projects/matbench_phonons.json.gz in MB: 0.4608MB [00:00, 286.29MB/s]                             
2024-12-10 19:24:48 INFO     Dataset 'matbench_phonons loaded.
INFO:matbench.task:Dataset 'matbench_phonons loaded.
