nohup: ignoring input
2024-12-10 21:16:25 INFO     Initialized benchmark 'matbench_v0.1' with 13 tasks: 
['matbench_dielectric',
 'matbench_expt_gap',
 'matbench_expt_is_metal',
 'matbench_glass',
 'matbench_jdft2d',
 'matbench_log_gvrh',
 'matbench_log_kvrh',
 'matbench_mp_e_form',
 'matbench_mp_gap',
 'matbench_mp_is_metal',
 'matbench_perovskites',
 'matbench_phonons',
 'matbench_steels']
INFO:matbench:Initialized benchmark 'matbench_v0.1' with 13 tasks: 
['matbench_dielectric',
 'matbench_expt_gap',
 'matbench_expt_is_metal',
 'matbench_glass',
 'matbench_jdft2d',
 'matbench_log_gvrh',
 'matbench_log_kvrh',
 'matbench_mp_e_form',
 'matbench_mp_gap',
 'matbench_mp_is_metal',
 'matbench_perovskites',
 'matbench_phonons',
 'matbench_steels']
2024-12-10 21:16:25 INFO     Loading dataset 'matbench_mp_e_form'...
INFO:matbench.task:Loading dataset 'matbench_mp_e_form'...
2024-12-10 21:17:52 INFO     Dataset 'matbench_mp_e_form loaded.
INFO:matbench.task:Dataset 'matbench_mp_e_form loaded.
spglib: ssm_get_exact_positions failed.
spglib: get_bravais_exact_positions_and_lattice failed.
spglib: ssm_get_exact_positions failed.
spglib: get_bravais_exact_positions_and_lattice failed.
spglib: ssm_get_exact_positions failed.
spglib: get_bravais_exact_positions_and_lattice failed.
spglib: ssm_get_exact_positions failed.
spglib: get_bravais_exact_positions_and_lattice failed.
spglib: ssm_get_exact_positions failed.
spglib: get_bravais_exact_positions_and_lattice failed.
spglib: ssm_get_exact_positions failed.
spglib: get_bravais_exact_positions_and_lattice failed.
spglib: ssm_get_exact_positions failed.
spglib: get_bravais_exact_positions_and_lattice failed.
spglib: ssm_get_exact_positions failed.
spglib: get_bravais_exact_positions_and_lattice failed.
spglib: ssm_get_exact_positions failed.
spglib: get_bravais_exact_positions_and_lattice failed.
spglib: ssm_get_exact_positions failed.
spglib: get_bravais_exact_positions_and_lattice failed.
2024-12-10 21:49:20 INFO     Loading dataset 'matbench_mp_gap'...
INFO:matbench.task:Loading dataset 'matbench_mp_gap'...
2024-12-10 21:50:40 INFO     Dataset 'matbench_mp_gap loaded.
INFO:matbench.task:Dataset 'matbench_mp_gap loaded.
spglib: ssm_get_exact_positions failed.
spglib: get_bravais_exact_positions_and_lattice failed.
